-------------------------------------------------------------------------------
Test set: com.CRM.qa.testcases.LoginPageTest
-------------------------------------------------------------------------------
Tests run: 9, Failures: 1, Errors: 0, Skipped: 8, Time elapsed: 18.316 sec <<< FAILURE!
Setup(com.CRM.qa.testcases.LoginPageTest)  Time elapsed: 17.487 sec  <<< FAILURE!
java.lang.NullPointerException
	at com.CRM.base.TestBase.Initialization(TestBase.java:44)
	at com.CRM.qa.testcases.LoginPageTest.Setup(LoginPageTest.java:26)

