<?xml version="1.0" encoding="UTF-8" ?>
<testsuite tests="9" failures="1" name="com.CRM.qa.testcases.LoginPageTest" time="157.399" errors="0" skipped="8">
  <properties>
[...]
</properties>
  <testcase classname="com.CRM.qa.testcases.LoginPageTest" name="Setup" time="17.487">
    <failure type="java.lang.NullPointerException">java.lang.NullPointerException
	at com.CRM.base.TestBase.Initialization(TestBase.java:44)
	at com.CRM.qa.testcases.LoginPageTest.Setup(LoginPageTest.java:26)
</failure>
    <system-out>Configuring TestNG with: org.apache.maven.surefire.testng.conf.TestNG652Configurator@1ee0005
</system-out>
    <system-err>Starting ChromeDriver 2.38.552522 (437e6fbedfa8762dec75e2c5b3ddb86763dc9dcb) on port 24141
Only local connections are allowed.
May 05, 2018 6:38:46 PM org.openqa.selenium.remote.ProtocolHandshake createSession
INFO: Detected dialect: OSS
</system-err>
  </testcase>
  <testcase classname="com.CRM.qa.testcases.LoginPageTest" name="loginPageTitleTest" time="17.489">
    <skipped/>
  </testcase>
  <testcase classname="com.CRM.qa.testcases.LoginPageTest" name="tearDown" time="17.489">
    <skipped/>
  </testcase>
  <testcase classname="com.CRM.qa.testcases.LoginPageTest" name="Setup" time="17.489">
    <skipped/>
  </testcase>
  <testcase classname="com.CRM.qa.testcases.LoginPageTest" name="crmLogoImageTest" time="17.489">
    <skipped/>
  </testcase>
  <testcase classname="com.CRM.qa.testcases.LoginPageTest" name="tearDown" time="17.489">
    <skipped/>
  </testcase>
  <testcase classname="com.CRM.qa.testcases.LoginPageTest" name="Setup" time="17.489">
    <skipped/>
  </testcase>
  <testcase classname="com.CRM.qa.testcases.LoginPageTest" name="loginTest" time="17.489">
    <skipped/>
  </testcase>
  <testcase classname="com.CRM.qa.testcases.LoginPageTest" name="tearDown" time="17.489">
    <skipped/>
  </testcase>
</testsuite>