<?xml version="1.0" encoding="UTF-8"?>
<!-- Generated by org.testng.reporters.JUnitXMLReporter -->
<testsuite hostname="NPF12FHDH" ignored="0" name="Command line test" tests="3" failures="0" timestamp="05 May 2018 22:38:51 GMT" time="16.716" errors="0">
  <testcase name="@BeforeMethod Setup" time="16.636" classname="com.CRM.qa.testcases.LoginPageTest">
    <failure type="java.lang.NullPointerException">
      <![CDATA[java.lang.NullPointerException
at com.CRM.base.TestBase.Initialization(TestBase.java:44)
at com.CRM.qa.testcases.LoginPageTest.Setup(LoginPageTest.java:26)
... Removed 37 stack frames]]>
    </failure>
  </testcase> <!-- @BeforeMethod Setup -->
  <testcase name="@AfterMethod tearDown" time="0.0" classname="com.CRM.qa.testcases.LoginPageTest">
    <skipped/>
  </testcase> <!-- @AfterMethod tearDown -->
  <testcase name="@BeforeMethod Setup" time="0.0" classname="com.CRM.qa.testcases.LoginPageTest">
    <skipped/>
  </testcase> <!-- @BeforeMethod Setup -->
  <testcase name="@AfterMethod tearDown" time="0.0" classname="com.CRM.qa.testcases.LoginPageTest">
    <skipped/>
  </testcase> <!-- @AfterMethod tearDown -->
  <testcase name="@BeforeMethod Setup" time="0.0" classname="com.CRM.qa.testcases.LoginPageTest">
    <skipped/>
  </testcase> <!-- @BeforeMethod Setup -->
  <testcase name="@AfterMethod tearDown" time="0.0" classname="com.CRM.qa.testcases.LoginPageTest">
    <skipped/>
  </testcase> <!-- @AfterMethod tearDown -->
  <testcase name="loginPageTitleTest" time="0.0" classname="com.CRM.qa.testcases.LoginPageTest">
    <skipped/>
  </testcase> <!-- loginPageTitleTest -->
  <testcase name="crmLogoImageTest" time="0.0" classname="com.CRM.qa.testcases.LoginPageTest">
    <skipped/>
  </testcase> <!-- crmLogoImageTest -->
  <testcase name="loginTest" time="0.0" classname="com.CRM.qa.testcases.LoginPageTest">
    <skipped/>
  </testcase> <!-- loginTest -->
</testsuite> <!-- Command line test -->
